[18:15:23][0:00:03]

[18:15:29][0:00:10]

[18:15:29][0:00:10]

[18:15:29][0:00:10]

[18:15:30][0:00:10]
                      On, on                      
[18:15:30][0:00:10]

[18:15:30][0:00:10]
                     Off on.                      
[18:15:30][0:00:11]
                     Off on.                      
[18:15:30][0:00:11]
               Is it off? Is it off               
[18:15:30][0:00:11]
                 off on is it on?                 
[18:15:31][0:00:11]
                Off on, is it on?                 
[18:15:31][0:00:11]
                 Off on is it on?                 
[18:15:31][0:00:12]
                 Off on is it on?                 
[18:15:32][0:00:12]
                 Off on is it on?                 
[18:15:32][0:00:12]
              Off on is it on? It is              
[18:15:32][0:00:13]
            Off on is it on? It is it             
[18:15:32][0:00:13]
           Off on is it on? It is it is           
[18:15:32][0:00:13]
           Off on is it on? It is it is           
[18:15:33][0:00:13]
        Off on is it on? It is it is okay         
[18:15:33][0:00:13]
       Off on is it on? It is, it is okay.        
[18:15:33][0:00:14]
        Off on is it on? It is it is okay         
[18:15:33][0:00:14]
        Off on is it on? It is it is okay         
[18:16:08][0:00:49]
                        We                        
[18:16:08][0:00:49]
                      Wait.                       
[18:16:09][0:00:49]
                      Wait.                       
[18:16:09][0:00:49]
                       Wait                       
[18:16:10][0:00:51]
                    Wait What                     
[18:16:10][0:00:51]
                    Wait What'                    
[18:16:10][0:00:51]
                 Wait What can I                  
[18:16:11][0:00:51]
               Wait What can I say                
[18:16:11][0:00:51]
              Wait What can I say to              
[18:16:11][0:00:52]
         Wait What can I say to anything          
[18:16:11][0:00:52]
       Wait What can I say about anything?        
[18:16:11][0:00:52]
       Wait What can I say about anything?        
[18:16:12][0:00:52]
      Wait What can I say about anything? O       
[18:16:12][0:00:53]
   Wait What can I say about anything? Hold up    
[18:16:12][0:00:53]
   Wait What can I say about anything? Hold up    
[18:16:12][0:00:53]
   Wait What can I say about anything? Hold up    
[18:16:13][0:00:53]
   Wait What can I say about anything? Hold up    
[18:27:58][0:00:03]

[18:32:56][0:05:00]
                       That                       
[18:32:56][0:05:01]
                     Testing                      
[18:32:56][0:05:01]
                     Testing.                     
[18:32:56][0:05:01]
                     Testing.                     
[18:32:57][0:05:01]
                     Testing.                     
[18:32:57][0:05:01]
                     Testing.                     
[18:32:57][0:05:02]
                  Testing. This                   
[18:32:57][0:05:02]
                 Testing. Testing                 
[18:32:57][0:05:02]
                Testing. Testing.                 
[18:32:58][0:05:02]
          Testing. Testing test testing           
[18:32:58][0:05:02]
 Testing. Testing testing testing testing testing 
[18:32:58][0:05:03]
            Testing. Testing, testing.            
[18:32:58][0:05:03]
             Testing. Testing testing             
[18:32:58][0:05:03]
             Testing. Testing testing             
[18:33:03][0:05:07]
                        I                         
[18:33:03][0:05:08]
                       I do                       
[18:33:03][0:05:08]
                    I do watch                    
[18:33:03][0:05:08]
                 I do not change                  
[18:33:04][0:05:08]
                 I do not change.                 
[18:33:04][0:05:09]
            I do want to change this.             
[18:33:04][0:05:09]
         I do want to change this a bit.          
[18:33:04][0:05:09]
       I do want to change this a bit i do        
[18:33:05][0:05:09]
       I do want to change this a bit hold        
[18:33:05][0:05:10]
      I do want to change this a bit hold up      
[18:33:05][0:05:10]
      I do want to change this a bit hold up      
[18:33:06][0:05:10]
      I do want to change this a bit hold up      
[18:33:06][0:05:10]
    I do want to change this a bit hold up So     
[18:33:06][0:05:10]
  I do want to change this a bit hold up The the  
[18:33:06][0:05:11]
I do want to change this a bit hold up The the the
[18:33:06][0:05:11]
    I do want to change this a bit hold up The    
[18:33:06][0:05:11]
      I do want to change this a bit hold up      
[18:33:18][0:05:23]
                        Oh                        
[18:33:18][0:05:23]
                       Oh.                        
[18:33:19][0:05:23]
                       Oh.                        
[18:33:21][0:05:26]

[18:33:22][0:05:26]
                   Everything.                    
[18:33:22][0:05:26]
                   Everything's                   
[18:33:22][0:05:27]
                Everything's gone                 
[18:33:22][0:05:27]
                Everything's gone.                
[18:33:23][0:05:27]
                Everything's gone.                
[18:33:23][0:05:27]
                Everything's gone.                
[18:33:23][0:05:28]
                Everything's gone.                
[18:33:23][0:05:28]
                Everything's gone.                
[18:33:29][0:05:33]
                        My                        
[18:33:29][0:05:34]
                   My computer                    
[18:33:29][0:05:34]
                   My computer,                   
[18:33:30][0:05:34]
                 My computer car.                 
[18:33:30][0:05:34]
             My computer caught him.              
[18:33:30][0:05:35]
           My computer can't handle it            
[18:33:30][0:05:35]
          My computer can't handle this           
[18:33:31][0:05:35]
          My computer can't handle this           
[18:33:43][0:05:48]
                        I                         
[18:33:44][0:05:48]
                      Okay.                       
[18:33:44][0:05:48]
                    Or cannon                     
[18:33:44][0:05:49]
                    Or can it?                    
[18:33:44][0:05:49]
                    Or can it?                    
[18:33:44][0:05:49]
                    Or can it?                    
[18:34:10][0:06:15]

[18:34:10][0:06:15]
                      I put                       
[18:34:11][0:06:15]
                    I pro pro                     
[18:34:11][0:06:15]
                    I pro pro                     
[18:34:11][0:06:15]
                I pro pro The film                
[18:34:11][0:06:16]
                   I pro pro W.                   
[18:34:11][0:06:16]
             I pro pro Do we want to              
[18:34:12][0:06:16]
            I pro pro Do we want this?            
[18:34:12][0:06:16]
          I pro pro Don't be want this.           
[18:34:12][0:06:17]
         I pro pro Don't be want this ch-         
[18:34:12][0:06:17]
          I pro pro We'll be wanting to           
[18:34:12][0:06:17]
           I pro pro Movie want this to           
[18:34:13][0:06:17]
          I pro pro We'll be on this too          
[18:34:13][0:06:17]
          I pro pro We'll be on this too          
[18:34:13][0:06:18]
        I pro pro We'll be on this too No         
[18:34:13][0:06:18]
     I pro pro We'll be on this too Not this      
[18:34:14][0:06:18]
     I pro pro We'll be on this too Not the s     
[18:34:14][0:06:18]
I pro pro We'll be on this too Not disappear, not 
[18:34:14][0:06:18]
  I pro pro We'll be on this too Not disappear.   
[18:34:14][0:06:19]
  I pro pro We'll be on this too Not disappear.   
[18:34:14][0:06:19]
  I pro pro We'll be on this too Not disappear.   
[18:34:15][0:06:20]
  I pro pro We'll be on this too Not disappear.   
[18:34:16][0:06:20]
 I pro pro We'll be on this too Not disappear. O. 
[18:34:16][0:06:20]
  I pro pro We'll be on this too Not disappear.   
                  Always. Always                  
[18:34:16][0:06:20]
   We'll be on this too Not disappear. Police.    
                     Police.                      
[18:34:16][0:06:21]
  I pro pro We'll be on this too Not disappear.   
                     Always.                      
[18:34:19][0:06:24]
                       This                       
[18:34:19][0:06:24]
                     This is                      
[18:34:19][0:06:24]
                  Is that where                   
[18:34:20][0:06:24]
                  Is that work?                   
[18:34:20][0:06:24]
                  Is that work?                   
[18:34:20][0:06:24]
                  Is that work?                   
[18:34:23][0:06:28]

[18:34:23][0:06:28]
                       Say.                       
[18:34:24][0:06:28]
                       Say.                       
[18:34:24][0:06:28]
                       Say                        
[18:34:24][0:06:29]
                       Say                        
[18:34:28][0:06:33]
                        So                        
[18:34:29][0:06:33]

[18:34:29][0:06:33]

[18:34:29][0:06:33]
                      Third                       
[18:34:29][0:06:34]

[18:34:40][0:06:45]

[18:34:40][0:06:45]

[18:34:40][0:06:45]
              Background. Background              
[18:34:41][0:06:45]
                Background camera                 
[18:34:41][0:06:45]
                 Background color                 
[18:34:41][0:06:45]
                 Background color                 
[18:34:41][0:06:46]
                 Background color                 
[18:34:49][0:06:54]
                      Right                       
[18:34:49][0:06:54]

[18:34:50][0:06:54]
                    Or is that                    
[18:34:50][0:06:54]
                   For example,                   
[18:34:50][0:06:54]
                   Or is that?                    
[18:34:53][0:06:58]
                       here                       
[18:34:53][0:06:58]

[18:34:53][0:06:58]
                      Here.                       
[18:34:53][0:06:58]
                      Here.                       
[18:35:28][0:07:32]
                        Oh                        
[18:35:28][0:07:32]
                       Oh,                        
[18:35:28][0:07:33]
                    Oh, shoot                     
[18:35:28][0:07:33]
                    Oh, shoot.                    
[18:35:28][0:07:33]
                    Oh, shoot.                    
[18:35:30][0:07:34]
                 Oh, shoot. Wait                  
[18:35:30][0:07:34]
                 Oh, shoot. Wait.                 
[18:35:30][0:07:35]
              Oh, shoot. Wait. Wait               
[18:35:30][0:07:35]
                 Oh, shoot. Wait.                 
[18:35:51][0:07:56]
                      First                       
[18:35:51][0:07:56]
                      First.                      
[18:35:51][0:07:56]
                      Press.                      
[18:35:52][0:07:56]
                      Press.                      
[18:35:53][0:07:58]
                    Press. No                     
[18:35:53][0:07:58]
                    Press. No.                    
[18:35:54][0:07:58]
                    Press. No.                    
[18:35:54][0:07:58]
                    Press. No                     
[18:36:06][0:08:11]

[18:36:06][0:08:11]

[18:36:06][0:08:11]
                       Hmm.                       
[18:36:07][0:08:11]
                       Hmm                        
[18:36:34][0:08:39]

[18:36:35][0:08:39]
                     So that                      
[18:36:35][0:08:39]
                    So that is                    
[18:36:35][0:08:39]

[18:36:35][0:08:40]
               Status not working.                
[18:36:35][0:08:40]
               Status not working.                
[18:36:35][0:08:40]
               Status not working.                
[18:36:36][0:08:40]
               Status not working.                
[18:36:40][0:08:45]

[18:36:40][0:08:45]

[18:36:40][0:08:45]
                      Here.                       
[18:36:41][0:08:45]
                      Yeah.                       
[18:36:41][0:08:45]
                      Yeah.                       
[18:36:52][0:08:56]

[18:36:52][0:08:57]

[18:36:52][0:08:57]
                       No.                        
[18:36:52][0:08:57]
                       No.                        
[18:36:55][0:09:00]

[18:36:55][0:09:00]

[18:36:55][0:09:00]

[18:36:55][0:09:00]
                       Hmm.                       
[18:36:56][0:09:00]
                       Hmm                        
[18:36:56][0:09:00]
                       Hmm                        
[18:37:44][0:09:49]
                      Where                       
[18:37:44][0:09:49]
                      Wait.                       
[18:37:45][0:09:49]
                      Play.                       
[18:37:45][0:09:49]
                      Play.                       
[18:37:45][0:09:49]
                      Play.                       
[18:37:47][0:09:51]
                      Play.                       
[18:37:47][0:09:52]
                 Play. My spring                  
[18:37:47][0:09:52]
                Play. My stream is                
[18:37:47][0:09:52]
              Play. My stream is all              
[18:37:48][0:09:52]
           Play. My stream is all over.           
[18:37:48][0:09:53]
     Play. My stream is all working while my      
[18:37:48][0:09:53]
       Play. My stream is all working right       
[18:37:49][0:09:53]
      Play. My stream is all working right?       
[18:37:49][0:09:53]
      Play. My stream is all working right?       
[18:37:51][0:09:55]

[18:37:51][0:09:55]

[18:37:51][0:09:56]
                       It's                       
[18:37:51][0:09:56]

[18:37:51][0:09:56]
                    It's very,                    
[18:37:52][0:09:56]
            It's very stream working.             
[18:37:52][0:09:56]
            It's very stream working.             
[18:37:53][0:09:57]
            It's very stream working.             
[18:37:53][0:09:57]
            It's very stream working.             
[18:37:53][0:09:58]
      It's very stream working. I show like       
[18:37:53][0:09:58]
     It's very stream working. I feel like it     
[18:37:53][0:09:58]
  It's very stream working. I feel like it isn'   
[18:37:54][0:09:58]
  It's very stream working. I feel like it isn't  
[18:37:58][0:10:03]
                        P                         
[18:37:59][0:10:03]
                      Fair.                       
[18:37:59][0:10:03]
                       Hmm.                       
[18:37:59][0:10:04]
                       Two.                       
[18:38:10][0:10:15]

[18:38:10][0:10:15]
                    I thought                     
[18:38:10][0:10:15]
                   I thought we                   
[18:38:11][0:10:15]
                      Y'all,                      
[18:38:11][0:10:15]
                I thought, what do                
[18:38:11][0:10:15]
              I thought what do I do              
[18:38:11][0:10:16]
             I thought what do I do?              
[18:38:11][0:10:16]
             I thought what do I do?              
[18:38:52][0:10:57]
                        No                        
[18:38:53][0:10:57]
                       No.                        
[18:38:53][0:10:57]
                       No.                        
[18:38:53][0:10:57]
                       No.                        
[18:38:54][0:10:59]
                    No. Thank                     
[18:38:55][0:10:59]
                     No. Hmm.                     
[18:38:55][0:10:59]
                     No. Hmm.                     
[18:38:55][0:10:59]
                     No. Hmm.                     
[18:38:59][0:11:04]
                      Still                       
[18:38:59][0:11:04]
                    Still not                     
[18:38:59][0:11:04]
                    Still not.                    
[18:39:00][0:11:04]
                 Still no. Still                  
[18:39:00][0:11:04]
                    Still no.                     
[18:39:00][0:11:04]
                    Still no.                     
[18:39:09][0:11:14]

[18:39:09][0:11:14]
                      I said                      
[18:39:09][0:11:14]

[18:39:10][0:11:14]
                  As a teacher,                   
[18:39:10][0:11:14]
               I'm not a journalist               
[18:39:10][0:11:15]
            Yes, I just turn on music             
[18:39:10][0:11:15]
            Yes, I just turn on music.            
[18:39:11][0:11:15]
      I just have to turn on music for now.       
[18:39:11][0:11:16]
       Yes, I just turned on music for now.       
[18:39:11][0:11:16]
       Yes, I just turned on music for now.       
[18:40:39][0:12:43]
                        Ne                        
[18:40:39][0:12:43]
                  Anyone Anyone                   
[18:40:39][0:12:44]
                    Any ones.                     
[18:40:39][0:12:44]
                    Anyone see                    
[18:40:39][0:12:44]
               And he wants seated                
[18:40:40][0:12:44]
                 Anyone see this                  
[18:40:40][0:12:44]
                 Anyone see this?                 
[18:40:40][0:12:45]
                 Anyone see this?                 
[18:40:40][0:12:45]
                 Anyone see this?                 
[18:40:42][0:12:47]
                 Anyone see this?                 
[18:40:42][0:12:47]
                 Anyone see this?                 
[18:40:42][0:12:47]
                 Anyone see this?                 
[18:40:42][0:12:47]
                 Anyone see this?                 
[18:40:43][0:12:47]
                 Anyone see this?                 
[18:40:45][0:12:49]
                       The                        
[18:40:45][0:12:49]
                    The scene                     
[18:40:45][0:12:50]
                  The thing that                  
[18:40:45][0:12:50]
               The thing that works               
[18:40:46][0:12:50]
              The thing that works.               
[18:40:46][0:12:50]
               The thing that works               
[18:40:46][0:12:50]
              The thing that works.               
[18:40:58][0:13:02]
                       And                        
[18:40:58][0:13:02]
                       Ooh                        
[18:40:58][0:13:02]

[18:40:58][0:13:03]

[18:40:58][0:13:03]

[18:41:02][0:13:07]
                        An                        
[18:41:02][0:13:07]
                      I need                      
[18:41:03][0:13:07]
                    I need to                     
[18:41:03][0:13:08]
                I need to finish e                
[18:41:03][0:13:08]
             I need to finish eating              
[18:41:04][0:13:08]
          I need to finish eating this.           
[18:41:04][0:13:08]
          I need to finish eating this.           
[18:41:05][0:13:09]
     I need to finish eating this. something      
[18:41:05][0:13:10]
          I need to finish eating this.           
[18:41:05][0:13:10]
    I need to finish eating this. Some hungry     
[18:41:05][0:13:10]
    I need to finish eating this. Some hungry.    
[18:41:06][0:13:10]
     I need to finish eating this. 'cause I'm     
[18:41:16][0:13:21]
                        Oh                        
[18:41:17][0:13:21]

[18:41:17][0:13:21]
                      Oyster                      
[18:41:17][0:13:22]
                     Polishto                     
[18:41:17][0:13:22]
           Bush though was a better way           
[18:41:18][0:13:22]
            Bush, though, was a better            
[18:41:18][0:13:22]
           Polishto was a better way to           
[18:41:18][0:13:23]
       Polishto was a better way to do this       
[18:41:19][0:13:23]
    Polishta was a better way to do this, but     
[18:41:19][0:13:24]
    Polishto was a better way to do this, but.    
[18:41:19][0:13:24]
    Polishto was a better way to do this, but.    
[18:41:19][0:13:24]
  Polishto was a better way to do this, but. Um.  
[18:41:20][0:13:24]
  Polishto was a better way to do this, but. Um.  
[18:41:20][0:13:24]
 Polishto was a better way to do this, but. Um i  
                      guess                       
[18:41:20][0:13:25]
 Polishto was a better way to do this, but. Um, I 
                    guess it's                    
[18:41:21][0:13:25]
 Polishto was a better way to do this, but. Um, I 
              guess this works for.               
[18:41:21][0:13:26]
 Polishto was a better way to do this, but. Um, I 
            guess this works for now.             
[18:41:21][0:13:26]
 Polishto was a better way to do this, but. Um, I 
            guess this works for now.             
[18:41:24][0:13:28]
                       May                        
[18:41:24][0:13:28]
                    Maybe for                     
[18:41:24][0:13:29]
                   Maybe for L                    
[18:41:24][0:13:29]
              Maybe for later. Maybe              
[18:41:25][0:13:29]
                 Maybe for later.                 
[18:41:25][0:13:29]
                 Maybe for later                  
[18:41:28][0:13:33]

[18:41:28][0:13:33]

[18:41:29][0:13:33]

[18:41:29][0:13:33]

[18:41:40][0:13:45]
                       and                        
[18:41:40][0:13:45]
                     and then                     
[18:41:40][0:13:45]
                   and then and                   
[18:41:41][0:13:45]
                    And then?                     
[18:41:41][0:13:45]
                    And then?                     
[18:41:41][0:13:46]
               And then, and then?                
[18:41:41][0:13:46]
                    And then?                     
[18:41:43][0:13:47]
                    And then?                     
[18:41:43][0:13:47]
                    And then?                     
[18:41:43][0:13:47]
                    And then?                     
[18:41:43][0:13:48]
                    And then?                     
[18:41:43][0:13:48]
                    And then?                     
[18:42:07][0:14:11]

[18:42:07][0:14:11]

[18:42:07][0:14:12]
                     Um. um.                      
[18:42:07][0:14:12]
                       Um.                        
[18:42:08][0:14:12]
                       Um.                        
[18:42:08][0:14:12]
                        Um                        
[18:42:12][0:14:17]
                        I                         
[18:42:12][0:14:17]
                       Won                        
[18:42:12][0:14:17]
                     No, no,                      
[18:42:13][0:14:17]
                No one has female.                
[18:42:13][0:14:17]
             No one else female yet.              
[18:42:13][0:14:18]
          No one has free money, you two          
[18:42:14][0:14:18]
           No one else free my YouTube.           
[18:42:14][0:14:18]
          No one else free more YouTube.          
[18:42:15][0:14:19]
          No one else free more YouTube.          
[18:42:15][0:14:19]
      No one else free more YouTube. I guess      
[18:42:15][0:14:19]
     No one else free more YouTube. I guess.      
[18:42:15][0:14:20]
     No one else free more YouTube. I guess.      
[18:42:15][0:14:20]
     No one else free more YouTube. I guess.      
[18:42:18][0:14:23]
                        I                         
[18:42:18][0:14:23]
                     I guess                      
[18:42:19][0:14:23]
                     I guess.                     
[18:42:19][0:14:23]
                     I guess.                     
[18:42:19][0:14:23]
                     I guess.                     
[18:42:19][0:14:24]
                     I guess.                     
[18:42:19][0:14:24]
                     I guess.                     
[18:42:20][0:14:25]
                  I guess. This                   
[18:42:20][0:14:25]
                 I guess. This is                 
[18:42:21][0:14:25]
               I guess. This is sc                
[18:42:21][0:14:25]
              I guess. This is scary              
[18:42:21][0:14:26]
             I guess. This is scary.              
[18:42:21][0:14:26]
             I guess. This is scary.              
[18:42:38][0:14:43]
                        So                        
[18:42:38][0:14:43]
                       So,                        
[18:42:38][0:14:43]

[18:42:39][0:14:43]

[18:42:48][0:14:52]
                       They                       
[18:42:48][0:14:52]
                     I think                      
[18:42:48][0:14:52]
                    I take my                     
[18:42:48][0:14:53]
                 I think my child                 
[18:42:48][0:14:53]
          I think my channel is working           
[18:42:49][0:14:53]
           I think my chat is working.            
[18:42:49][0:14:54]
           I think my chat is working.            
[18:42:49][0:14:54]
           I think my chat is working.            
[18:42:54][0:14:59]
                        He                        
[18:42:54][0:14:59]
                       Yes.                       
[18:42:55][0:14:59]
                        O.                        
[18:42:55][0:14:59]
                    Uh, press                     
[18:42:55][0:14:59]
                       3. 3                       
[18:42:55][0:15:00]
                     O fretz.                     
[18:42:55][0:15:00]
                Oh, princess, no.                 
[18:42:56][0:15:00]
              Oh, princess, new ike.              
[18:42:56][0:15:00]
             Oh, princess. New icon?              
[18:42:56][0:15:01]
             Oh, princess, new icon?              
[18:42:56][0:15:01]
             Oh, princess, new icon?              
[18:42:58][0:15:02]
             Oh, princess, new icon?              
[18:42:58][0:15:02]
           Oh, princess, new icon? Soap           
[18:42:58][0:15:02]
             Oh, princess, new icon?              
[18:42:58][0:15:03]
      Oh, princess, new icon? Surprise. Sur       
[18:42:58][0:15:03]
        Oh, princess, new icon? Surprise.         
[18:42:59][0:15:03]
   Oh, princess, new icon? Surprise. Surprise.    
[18:42:59][0:15:03]
      Oh, princess, new icon? Surprise, sir.      
[18:42:59][0:15:04]
  Oh, princess, new icon? Surprise, thirst set.   
[18:42:59][0:15:04]
   Oh, princess, new icon? Surprise, sir, sir.    
[18:43:00][0:15:04]
   Oh, princess, new icon? Surprise, sir, sad.    
[18:43:00][0:15:05]
   Oh, princess, new icon? Surprise, sir, sad.    
[18:43:01][0:15:06]
  Oh, princess, new icon? Surprise, sir, sad. So  
[18:43:02][0:15:06]
 Oh, princess, new icon? Surprise, sir, sad. It'  
[18:43:02][0:15:06]
   Oh, princess, new icon? Surprise, sir, sad.    
                     Thermat                      
[18:43:02][0:15:06]
Oh, princess, new icon? Surprise, sir, sad. Surma,
                        it                        
[18:43:02][0:15:07]
   Oh, princess, new icon? Surprise, sir, sad.    
                   Surmat, sur.                   
[18:43:02][0:15:07]
 Oh, princess, new icon? Surprise, sir, sad. Sir  
                 mats are swords                  
[18:43:03][0:15:07]
 Oh, princess, new icon? Surprise, sir, sad. It's 
                  her mats, her                   
[18:43:03][0:15:08]
 Oh, princess, new icon? Surprise, sir, sad. Sir  
              mats or sword sir sir               
[18:43:03][0:15:08]
 Oh, princess, new icon? Surprise, sir, sad. Sir  
            matt sir sword sir shield             
[18:43:04][0:15:08]
   Oh, princess, new icon? Surprise, sir, sad.    
           Surmats or sword, sir Shiel.           
[18:43:04][0:15:08]
 Oh, princess, new icon? Surprise, sir, sad. Sir  
            mats or sword, sir shield.            
[18:43:04][0:15:09]
 Oh, princess, new icon? Surprise, sir, sad. Sir  
            mats or sword, sir shield.            
[18:43:05][0:15:10]
Surprise, sir, sad. Sir mats or sword, sir shield.
                       That                       
[18:43:06][0:15:10]
Surprise, sir, sad. Sir mats or sword, sir shield.
                      That'                       
[18:43:06][0:15:10]
Surprise, sir, sad. Sir mats or sword, sir shield.
                      That's                      
[18:43:06][0:15:11]
Surprise, sir, sad. Sir mats or sword, sir shield.
                    That's new                    
[18:43:06][0:15:11]
Surprise, sir, sad. Sir mats or sword, sir shield.
                   That's new.                    
[18:43:06][0:15:11]
Surprise, sir, sad. Sir mats or sword, sir shield.
                   That's new.                    
[18:43:42][0:15:47]

[18:43:43][0:15:47]
                       Curs                       
[18:43:43][0:15:47]
                        C.                        
[18:43:43][0:15:48]
                      C. C.                       
[18:43:43][0:15:48]
                Doesn't seem like                 
[18:43:44][0:15:48]
           Doesn't seem like this work            
[18:43:44][0:15:48]
        Doesn't seem like this work though        
[18:43:44][0:15:49]
       Doesn't seem like this work though.        
[18:43:44][0:15:49]
       Doesn't seem like this work though.        
[18:43:45][0:15:49]
      Doesn't seem like this work though. Oh      
[18:43:45][0:15:50]
     Doesn't seem like this work though. Oh.      
[18:43:45][0:15:50]
     Doesn't seem like this work though. Call     
[18:43:45][0:15:50]
     Doesn't seem like this work though. Call     
[18:43:46][0:15:50]
     Doesn't seem like this work though. Call     
[18:43:46][0:15:51]
   Doesn't seem like this work though. Call We    
[18:43:47][0:15:51]
   Doesn't seem like this work though. Call We'   
[18:43:47][0:15:51]
 Doesn't seem like this work though. Call Weird.  
[18:43:47][0:15:51]
  Doesn't seem like this work though. Call Weird  
[18:43:47][0:15:52]
  Doesn't seem like this work though. Call Weird  
[18:43:57][0:16:02]
                        Is                        
[18:43:58][0:16:02]
                       You'                       
[18:43:58][0:16:02]
                    You sick?                     
[18:43:58][0:16:02]
                   You're sick                    
[18:43:58][0:16:03]
                 Music it's like                  
[18:43:58][0:16:03]
                 You're like it's                 
[18:43:59][0:16:03]
                It's like a period                
[18:43:59][0:16:03]
               It's like appearing.               
[18:43:59][0:16:04]
             It's like appearing but              
[18:44:00][0:16:04]
           It's like appearing but like           
[18:44:00][0:16:04]
           It's like appearing but like           
[18:44:00][0:16:04]
           It's like appearing but like           
[18:44:01][0:16:05]
           It's like appearing but like           
[18:44:01][0:16:05]
        It's like appearing but like Smart        
[18:44:01][0:16:05]
           It's like appearing but like           
[18:44:01][0:16:06]
      It's like appearing but like It's not       
[18:44:01][0:16:06]
  It's like appearing but like It's not showing   
[18:44:01][0:16:06]
  It's like appearing but like It's not showing   
[18:44:02][0:16:06]
  It's like appearing but like It's not showing   
[18:44:03][0:16:08]
                        I                         
[18:44:04][0:16:08]

[18:44:04][0:16:08]
                      I don'                      
[18:44:04][0:16:09]
                     I don't                      
[18:44:04][0:16:09]
                   I don't know                   
[18:44:04][0:16:09]
                 I don't know why                 
[18:44:30][0:16:35]

[18:44:31][0:16:35]
                     Not for                      
[18:44:31][0:16:35]
                    Not good.                     
[18:44:31][0:16:36]
                   Not quickie                    
[18:44:31][0:16:36]
                    Not good.                     
[18:44:31][0:16:36]
                    Not good.                     
[18:44:33][0:16:37]
                   Not good. No                   
[18:44:33][0:16:37]
                Not good. No way.                 
[18:44:33][0:16:38]
         Not good. Networking networking          
[18:44:33][0:16:38]
              Not good. Not working               
[18:44:34][0:16:38]
              Not good. Not working.              
[18:44:34][0:16:39]
              Not good. Not working               
[18:44:34][0:16:39]
              Not good. Not working               
[18:44:58][0:17:02]
                        Oh                        
[18:44:58][0:17:02]
                       Oh,                        
[18:44:58][0:17:02]
                      Oh, oh                      
[18:44:58][0:17:03]

[18:44:59][0:17:04]
                        You                       
[18:44:59][0:17:04]
                       If I                       
[18:44:59][0:17:04]
                     If I don                     
[18:45:00][0:17:04]
                     If I don'                    
[18:45:00][0:17:04]
                    If I don't                    
[18:45:00][0:17:05]
                  If I don't This                 
[18:45:01][0:17:05]
                If I don't This is                
[18:45:01][0:17:05]
                  If I don't This                 
[18:45:01][0:17:05]
                 If I don't Notice                
[18:45:01][0:17:06]
                 If I don't Notice                
[18:45:02][0:17:06]
               If I don't Notice And              
[18:45:02][0:17:07]
             If I don't Notice And it             
[18:45:02][0:17:07]
          If I don't Notice And this one          
[18:45:02][0:17:07]
        If I don't Notice And this one and        
[18:45:03][0:17:07]
          If I don't Notice And it swags          
[18:45:03][0:17:07]
          If I don't Notice And his works         
[18:45:05][0:17:09]
       If I don't Notice And his works Maybe      
[18:45:05][0:17:10]
    If I don't Notice And his works Maybe maybe   
[18:45:05][0:17:10]
    If I don't Notice And his works Maybe maybe   
[18:45:05][0:17:10]
       If I don't Notice And his works Maybe      
[18:45:06][0:17:10]
       If I don't Notice And his works Maybe      
[18:45:06][0:17:11]
     If I don't Notice And his works Maybe No     
[18:45:06][0:17:11]
     If I don't Notice And his works Maybe No.    
[18:45:07][0:17:11]
     If I don't Notice And his works Maybe No     
[18:45:07][0:17:11]
     If I don't Notice And his works Maybe No     
[18:45:07][0:17:11]
     If I don't Notice And his works Maybe No     
[18:45:09][0:17:14]
                        No                        
[18:45:09][0:17:14]
                       No.                        
[18:45:10][0:17:14]
                       No.                        
[18:45:10][0:17:14]
                       No.                        
[18:45:10][0:17:14]
                        No                        
[18:45:34][0:17:39]

[18:45:35][0:17:39]

[18:45:35][0:17:39]

[18:45:35][0:17:39]

[18:45:57][0:18:01]
                       From                       
[18:45:57][0:18:01]
                     From the                     
[18:45:57][0:18:02]
                Probably have to.                 
[18:45:57][0:18:02]
               Probably have to go                
[18:45:58][0:18:02]
               Probably have to go                
[18:45:58][0:18:02]
            Probably have to go Oh my             
[18:45:58][0:18:02]
          Probably have to go Oh my god           
[18:45:58][0:18:03]
          Probably have to go Oh my god           
[18:45:58][0:18:03]
          Probably have to go Oh my god           
[18:46:00][0:18:04]
          Probably have to go Oh my god           
[18:46:00][0:18:05]
        Probably have to go Oh my god Me,         
[18:46:00][0:18:05]
    Probably have to go Oh my god Give me one     
[18:46:01][0:18:05]
 Probably have to go Oh my god Give me one second 
[18:46:01][0:18:05]
Probably have to go Oh my god Give me one second. 
[18:46:01][0:18:06]
 Probably have to go Oh my god Give me one second 
                       guy.                       
[18:46:01][0:18:06]
 Probably have to go Oh my god Give me one second 
                       guy.                       
[18:46:02][0:18:06]
Probably have to go Oh my god Give me one second, 
                      guys.                       
[18:46:02][0:18:06]
Probably have to go Oh my god Give me one second, 
                      guys.                       
[18:46:02][0:18:07]
Probably have to go Oh my god Give me one second, 
                guys, if anything.                
[18:46:03][0:18:07]
 Probably have to go Oh my god Give me one second 
                guys if anyone is.                
[18:46:03][0:18:08]
 Oh my god Give me one second, guys, if anyone is 
                      here.                       
[18:46:03][0:18:08]
 Oh my god Give me one second, guys, if anyone is 
                      here.                       
[18:46:04][0:18:08]
 Oh my god Give me one second, guys, if anyone is 
                      here.                       
[18:46:13][0:18:17]

[18:46:13][0:18:18]
                       No.                        
[18:46:13][0:18:18]
                      Nope.                       
[18:46:13][0:18:18]
                       No.                        
[18:46:14][0:18:19]
                       No.                        
[18:46:15][0:18:19]
                    No. Okay.                     
[18:46:15][0:18:19]
                     No. Hey                      
[18:46:15][0:18:19]
                     No. Hey                      
[18:47:06][0:19:10]

[18:47:06][0:19:10]
                       It'                        
[18:47:06][0:19:10]
                       It's                       
[18:47:06][0:19:11]
                      It's a                      
[18:47:06][0:19:11]
                I did that already                
[18:47:07][0:19:11]
            I mean, I did that already            
[18:47:07][0:19:12]
            I mean I did that already.            
[18:47:07][0:19:12]
          I mean I did that already. It           
[18:47:07][0:19:12]
          I mean I did that already. It'          
[18:47:07][0:19:12]
         I mean I did that already. It's          
[18:47:08][0:19:12]
    I mean I did that already. Is not working?    
[18:47:08][0:19:12]
    I mean I did that already. Is not working?    
[18:47:08][0:19:13]
    I mean I did that already. Is not working     
[18:47:18][0:19:22]

[18:47:18][0:19:23]
                  So definitely                   
[18:47:18][0:19:23]
               So definitely not a                
[18:47:19][0:19:23]
              Definitely not working              
[18:47:19][0:19:23]
           It's definitely not working            
[18:47:19][0:19:24]
           It's definitely not working.           
[18:47:19][0:19:24]
           It's definitely not working.           
[18:47:49][0:19:54]
                       For                        
[18:47:49][0:19:54]

[18:47:50][0:19:54]
                     I mean,                      
[18:47:50][0:19:54]
                    I mean, I                     
[18:47:50][0:19:55]
                I mean, I guess it                
[18:47:50][0:19:55]
             I mean, I guess it works             
[18:47:51][0:19:55]
            I mean, I guess it works.             
[18:47:51][0:19:55]
         I mean, I guess it works. Right          
[18:47:51][0:19:56]
        I mean, I guess it works. But not         
[18:47:51][0:19:56]
        I mean, I guess it works. But not.        
[18:47:51][0:19:56]
        I mean, I guess it works. But not.        
[18:47:52][0:19:56]
        I mean, I guess it works. But not.        
[18:47:54][0:19:58]
     I mean, I guess it works. But not. Yeah      
[18:47:54][0:19:58]
     I mean, I guess it works. But not. Yeah,     
[18:47:54][0:19:59]
    I mean, I guess it works. But not. Yeah, I    
[18:47:54][0:19:59]
  I mean, I guess it works. But not. Yeah, I can  
[18:47:54][0:19:59]
 I mean, I guess it works. But not. Yeah, I can't 
[18:47:55][0:19:59]
 I mean, I guess it works. But not. Yeah i can't  
                      rip i                       
[18:47:55][0:20:00]
 I mean, I guess it works. But not. Yeah i can't  
                    rip i can'                    
[18:47:55][0:20:00]
I mean, I guess it works. But not. Yeah i can't i 
                 can't quite see                  
[18:47:56][0:20:00]
   But not. Yeah i can't i can't quite see the    
                     message                      
[18:47:56][0:20:01]
   But not. Yeah i can't i can't quite see the    
                    message of                    
[18:47:57][0:20:01]
   But not. Yeah I can't I can't quite see the    
                  message of it                   
[18:47:57][0:20:02]
Yeah, I can't. I can't quite see the message if it
                    comes in.                     
[18:47:57][0:20:02]
 Yeah I can't I can't quite see the message if it 
                     comes in                     
[18:49:23][0:21:27]

[18:49:23][0:21:28]
                        1                         
[18:49:23][0:21:28]
                     1 second                     
[18:49:23][0:21:28]
                  One second guy                  
[18:49:24][0:21:28]
                One second, guys.                 
[18:49:24][0:21:28]
                One second, guys.                 
[18:49:24][0:21:29]
                 One second guys                  
[18:49:24][0:21:29]
                One second, guys.                 
[18:49:25][0:21:29]
                One second guys um                
[18:50:37][0:22:42]
                       They                       
[18:50:37][0:22:42]

[18:50:37][0:22:42]
                       D. M                       
[18:50:38][0:22:42]
                       Damn                       
[18:50:38][0:22:42]
                    Damn okay                     
[18:50:38][0:22:43]
                    Damn okay                     
[18:50:38][0:22:43]
                    Damn okay                     
[18:52:59][0:25:03]

[18:52:59][0:25:03]

[18:52:59][0:25:03]

[18:53:40][0:25:45]

[18:53:41][0:25:45]
                       Oh.                        
[18:53:41][0:25:45]
                       Oh.                        
[18:53:41][0:25:45]
                       Oh.                        
[18:53:44][0:25:48]
                        A                         
[18:53:44][0:25:48]

[18:53:44][0:25:49]
                       Uh.                        
[18:53:44][0:25:49]
                       Uh.                        
[18:53:56][0:26:00]
                       one                        
[18:53:56][0:26:00]
                      What?                       
[18:53:56][0:26:01]
                       It's                       
[18:53:56][0:26:01]
                    What the?                     
[18:53:57][0:26:02]
                    What the?                     
[18:53:57][0:26:02]
                    What the?                     
[18:53:58][0:26:02]
                 What the? Todd.                  
[18:53:59][0:26:04]
               What the? Todd. What               
[18:53:59][0:26:04]
              What the? Todd. What?               
[18:53:59][0:26:04]
              What the? Todd. What?               
[18:54:01][0:26:06]
              What the? Todd. What?               
[18:54:01][0:26:06]
           What the? Todd. What? Play.            
[18:54:01][0:26:06]
           What the? Todd. What? Plays.           
[18:54:02][0:26:06]
           What the? Todd. What? Play.            
[18:54:10][0:26:15]

[18:54:10][0:26:15]

[18:54:11][0:26:15]
                      Shot.                       
[18:54:11][0:26:15]

[18:54:11][0:26:15]

