[14:21:57][0:00:03]

[14:46:37][0:24:43]
                        Oh                        
[14:46:37][0:24:43]
                      Oh my                       
[14:46:37][0:24:44]
                    Oh my god                     
[14:46:38][0:24:44]
                   Oh my god oh                   
[14:46:38][0:24:44]
                   Oh, my God.                    
[14:46:38][0:24:44]
                    Oh my god.                    
[14:46:38][0:24:44]
                    Oh my god.                    
[14:55:17][0:33:23]

[14:55:17][0:33:23]

[14:55:17][0:33:23]

[14:55:17][0:33:23]

[14:55:17][0:33:24]
                        O.                        
[14:55:17][0:33:24]

[14:55:18][0:33:24]
                        My                        
[14:55:18][0:33:24]
                      My God                      
[14:55:18][0:33:25]
                      My God.                     
[14:55:19][0:33:25]
                      My God.                     
[14:55:19][0:33:25]
                      My god.                     
[14:55:19][0:33:25]
                      My God.                     
[14:55:19][0:33:25]
                      My god                      
[14:55:21][0:33:27]
                       Yeah                       
[14:55:21][0:33:27]
                      Well.                       
[14:55:21][0:33:27]
                       Oh.                        
[14:55:21][0:33:28]
                      Well.                       
[14:55:24][0:33:30]
                        B                         
[14:55:24][0:33:30]
                     There we                     
[14:55:24][0:33:30]
                   There we go                    
[14:55:24][0:33:30]
                   There we go.                   
[14:55:24][0:33:31]
                   There we go.                   
[14:55:25][0:33:31]
                   There we go.                   
[14:55:27][0:33:33]
                        Oh                        
[14:55:27][0:33:33]
                       Oh.                        
[14:55:27][0:33:33]
                       Oh.                        
[14:55:27][0:33:34]
                       Oh.                        
[14:55:28][0:33:34]
                       Oh.                        
[14:55:28][0:33:34]
                    Oh. Rowan                     
[14:55:28][0:33:34]
                    Oh. Rowan.                    
[14:55:28][0:33:34]
                   Oh. Roland.                    
[14:55:28][0:33:35]
                  Oh. Rowan yeah                  
[14:55:29][0:33:35]
                  Oh. Rowan yes                   
[14:55:29][0:33:35]
                 Oh. Rowan, yes.                  
[14:55:29][0:33:35]
                  Oh. Rowan yes                   
[14:55:30][0:33:37]
                       Well                       
[14:55:31][0:33:37]
                       Bone                       
[14:55:31][0:33:37]
                      Both.                       
[14:55:31][0:33:37]
                      Both.                       
[14:55:31][0:33:37]
                      Both.                       
[14:55:32][0:33:38]
                      Both.                       
[14:55:32][0:33:38]
                      Both.                       
[14:55:32][0:33:38]
                      Both.                       
[14:55:33][0:33:39]
                    Both. Uh?                     
[14:55:33][0:33:39]
                    Both. Uh?                     
[14:55:33][0:33:39]
                   Both. Uh? Oh                   
[14:55:33][0:33:39]
                Both. Uh? Hold up                 
[14:55:33][0:33:40]
                Both. Uh? Hold up.                
[14:55:34][0:33:40]
                Both. Uh? Hold up.                
[14:55:34][0:33:40]
                Both. Uh? Hold up.                
[14:55:35][0:33:41]

[14:55:35][0:33:41]
                    One second                    
[14:55:35][0:33:42]
                   One second.                    
[14:55:36][0:33:42]
                   One second.                    
[14:55:36][0:33:42]
                   One second.                    
[14:55:36][0:33:42]
                   One second.                    
[14:55:48][0:33:54]
                       List                       
[14:55:48][0:33:54]
                     This all                     
[14:55:48][0:33:54]
                      Nissan                      
[14:55:48][0:33:55]
                     Nissan N                     
[14:55:49][0:33:55]
                     Nissan.                      
[14:55:49][0:33:55]
                   Nissan Rukh.                   
[14:55:49][0:33:55]
             The sound of the quick.              
[14:55:49][0:33:55]
              The sound real quick.               
[14:55:50][0:33:56]
              This sound real quick.              
[14:55:50][0:33:56]
              This all looks quick.               
[14:55:57][0:34:03]
                       Okay                       
[14:55:57][0:34:04]

[14:55:58][0:34:04]
                      Okay.                       
[14:55:58][0:34:04]
                      Okay.                       
[14:55:59][0:34:05]
                      Okay.                       
[14:55:59][0:34:05]
                     Okay. I.                     
[14:55:59][0:34:05]
                   Okay. Ah, it                   
[14:56:00][0:34:06]
                        Is                        
[14:56:00][0:34:06]
                     Is that                      
[14:56:00][0:34:06]
                  Does that work                  
[14:56:00][0:34:07]
                 Does that work?                  
[14:56:01][0:34:07]
                 Does that work?                  
[14:56:04][0:34:10]
                        No                        
[14:56:04][0:34:10]
                       No.                        
[14:56:04][0:34:11]
                        No                        
[14:56:05][0:34:11]
                   No, not that                   
[14:56:05][0:34:11]
                 No, that doesn'                  
[14:56:05][0:34:11]
                 No, that doesn't                 
[14:56:05][0:34:12]
                No, that doesn't.                 
[14:56:06][0:34:12]
              No, that doesn't work.              
[14:56:06][0:34:12]
              No, that doesn't work.              
[14:56:06][0:34:12]
              No, that doesn't work.              
[14:56:08][0:34:14]
                        We                        
[14:56:08][0:34:14]
                      Wait.                       
[14:56:08][0:34:14]
                      Wait.                       
[14:56:08][0:34:15]
                      Wait.                       
[14:56:08][0:34:15]
                      Wait.                       
[14:56:10][0:34:16]
                        So                        
[14:56:10][0:34:16]
                     Hold up                      
[14:56:10][0:34:16]
                     Hold up.                     
[14:56:10][0:34:17]
                  Hold up. What                   
[14:56:11][0:34:17]
                  Hold up. what?                  
[14:56:11][0:34:17]
                  Hold up. what?                  
[14:56:15][0:34:21]

[14:56:15][0:34:21]

[14:56:15][0:34:21]

[14:56:17][0:34:23]
                       What                       
[14:56:17][0:34:23]
                     What the                     
[14:56:17][0:34:23]
                   What the he                    
[14:56:17][0:34:23]
                  What the heck                   
[14:56:17][0:34:24]
                  What the heck?                  
[14:56:18][0:34:24]
                  What the heck?                  
[14:56:18][0:34:24]
              What the heck? We what              
[14:56:18][0:34:24]
             What the heck? Wait what             
[14:56:18][0:34:24]
            What the heck? Wait what?             
[14:56:18][0:34:24]
            What the heck? Wait what?             
[14:56:19][0:34:25]
          What the heck? Wait what? One           
[14:56:19][0:34:25]
         What the heck? Wait what? What?          
[14:56:19][0:34:25]
         What the heck? Wait what? What?          
[14:56:19][0:34:25]
         What the heck? Wait what? What?          
[14:56:24][0:34:30]
                       Are                        
[14:56:24][0:34:30]
                      Adios                       
[14:56:24][0:34:30]
                   Audio is now                   
[14:56:24][0:34:31]
                 Audio is not way                 
[14:56:25][0:34:31]
              Audio is not working.               
[14:56:25][0:34:31]
              Audio is not working.               
[14:56:25][0:34:31]
              Audio is not working.               
[14:56:25][0:34:32]
        Audio is not working. Ah, there we        
[14:56:26][0:34:32]
      Audio is not working. Ah, there we go.      
[14:56:26][0:34:32]
      Audio is not working. Ah, there we go.      
[14:56:26][0:34:33]
   Audio is not working. Ah, there we go. Yeah    
[14:56:27][0:34:33]
   Audio is not working. Ah, there we go. Yes.    
[14:56:27][0:34:33]
   Audio is not working. Ah, there we go. Yes.    
[14:56:27][0:34:33]
   Audio is not working. Ah, there we go. Yes.    
[14:56:27][0:34:33]
   Audio is not working. Ah, there we go. Yes.    
[14:56:30][0:34:36]
                        N                         
[14:56:30][0:34:36]

[14:56:30][0:34:36]
                   name we name                   
[14:56:30][0:34:37]
                   There we go                    
[14:56:31][0:34:37]
                   There we go.                   
[14:56:31][0:34:37]
                   There we go                    
[14:56:31][0:34:37]
                There we go we're                 
[14:56:31][0:34:37]
              There we go we're back              
[14:56:32][0:34:38]
              There we go we're back              
[14:56:32][0:34:38]
              There we go we're back              
[14:56:33][0:34:39]
             There we go we're back I             
[14:56:33][0:34:39]
          There we go we're back I guess          
[14:56:33][0:34:39]
         There we go we're back I guess.          
[14:56:33][0:34:39]
         There we go we're back I guess.          
[14:56:33][0:34:40]
         There we go we're back I guess.          
[14:56:34][0:34:41]
                        U                         
[14:56:35][0:34:41]
                       Oh.                        
[14:56:35][0:34:41]
                       Oh.                        
[14:56:35][0:34:41]
                       Oh.                        
[14:56:35][0:34:41]
                       Oh.                        
[14:56:36][0:34:43]

[14:56:37][0:34:43]

[14:56:37][0:34:43]
                      Yeah.                       
[14:56:37][0:34:43]
                      Yeah.                       
[14:56:37][0:34:43]
                      Yeah.                       
[14:56:37][0:34:43]
                      Yeah.                       
[14:56:43][0:34:49]
                        No                        
[14:56:43][0:34:49]
                      Not it                      
[14:56:43][0:34:49]
                      No, do                      
[14:56:44][0:34:50]
               Now what do you want               
[14:56:44][0:34:50]
               No, do you want him                
[14:56:44][0:34:50]
              No, do you want what I              
[14:56:44][0:34:50]
              No idea what i'm doing              
[14:56:45][0:34:52]
                      Right                       
[14:56:46][0:34:52]
                      But oh                      
[14:56:46][0:34:52]
                    But okay.                     
[14:56:46][0:34:52]
                    But okay.                     
[14:56:46][0:34:52]
                    But okay.                     
[14:56:46][0:34:53]
                    But okay.                     
[14:56:46][0:34:53]
                    But okay.                     
[14:56:49][0:34:55]

[14:56:49][0:34:56]

[14:56:50][0:34:56]
                       Oh.                        
[14:56:50][0:34:56]
                        Oh                        
[14:56:50][0:34:56]
                        Oh                        
[14:57:05][0:35:12]
                        Oh                        
[14:57:06][0:35:12]
                       Oh,                        
[14:57:06][0:35:12]
                     Oh, God                      
[14:57:06][0:35:12]
                   Oh god, what                   
[14:57:06][0:35:12]
                  Oh, God, what                   
[14:57:06][0:35:13]
              Oh, God, what the hell              
[14:57:07][0:35:13]
              Oh god, what the hell?              
[14:57:07][0:35:13]
              Oh god, what the hell?              
[14:57:08][0:35:14]
             Oh god, what the hell? A             
[14:57:08][0:35:14]
            Oh god, what the hell? I.             
[14:57:08][0:35:14]
            Oh god, what the hell? Uh.            
[14:57:08][0:35:15]
            Oh god, what the hell? Uh,            
[14:57:08][0:35:15]
            Oh god, what the hell? Uh?            
[14:57:09][0:35:15]
          Oh god, what the hell? Uh? Oh           
[14:57:09][0:35:15]
         Oh god, what the hell? Uh? Okay.         
[14:57:09][0:35:15]
      Oh god, what the hell? Uh? Okay. Okay       
[14:57:09][0:35:15]
         Oh god, what the hell? Uh? Okay.         
[14:57:09][0:35:15]
          Oh god, what the hell? Uh? Ok?          
[14:57:09][0:35:16]
         Oh god, what the hell? Uh? Okay          
[14:57:10][0:35:16]
         Oh god, what the hell? Uh? Okay          
[14:57:11][0:35:18]

[14:57:11][0:35:18]
                       Use.                       
[14:57:12][0:35:18]
                       Use.                       
[14:57:12][0:35:18]
                       Yes                        
[14:57:13][0:35:19]
                       Okay                       
[14:57:13][0:35:19]
                     I guess                      
[14:57:13][0:35:20]
                   I guess that                   
[14:57:14][0:35:20]
               I guess that works.                
[14:57:14][0:35:20]
               I guess that works.                
[14:57:14][0:35:20]
               I guess that works.                
[14:57:16][0:35:22]
                       The                        
[14:57:16][0:35:23]
                      This,                       
[14:57:17][0:35:23]
                      That's                      
[14:57:17][0:35:23]
                      D. D.                       
[14:57:17][0:35:23]
                      Needs.                      
[14:57:17][0:35:23]
                      These.                      
[14:57:18][0:35:25]
                      These.                      
[14:57:19][0:35:25]
                      These.                      
[14:57:19][0:35:25]
                      These.                      
[14:57:19][0:35:25]
                   These. Pod.                    
[14:57:19][0:35:25]
                   These. Pod.                    
[14:57:19][0:35:25]
                      These.                      
[14:57:19][0:35:26]
                   These. Pod.                    
[14:57:20][0:35:26]
                   These. Pod.                    
[14:57:20][0:35:26]
                These. Pod. Yeah.                 
[14:57:21][0:35:27]
                       But                        
[14:57:21][0:35:28]
                       Let'                       
[14:57:22][0:35:28]
                   The top and                    
[14:57:22][0:35:28]
                  Let's open up                   
[14:57:22][0:35:28]
                  Let's open up.                  
[14:57:22][0:35:28]
                  Let's open up                   
[14:57:24][0:35:30]

[14:57:24][0:35:30]
                      Twitch                      
[14:57:24][0:35:30]
                     Twitch.                      
[14:57:24][0:35:30]
                     Twitch.                      
[14:57:24][0:35:31]
                     Twitch.                      
[14:57:24][0:35:31]
                     Twitch.                      
[14:57:26][0:35:32]
                        '                         
[14:57:26][0:35:32]
                       So I                       
[14:57:26][0:35:32]
                     'Cause I                     
[14:57:26][0:35:33]
                   'Cause I don                   
[14:57:27][0:35:33]
               Because I don't know               
[14:57:27][0:35:33]
                  'cause I don't                  
[14:57:27][0:35:34]
                 'cause I don't O                 
[14:57:28][0:35:34]
              'cause I don't On the               
[14:57:28][0:35:34]
             'cause I don't Honestly              
[14:57:28][0:35:34]
             'cause I don't Honestly.             
[14:57:28][0:35:34]
             'cause I don't Honestly.             
[14:57:28][0:35:35]
             'cause I don't Honestly.             
[14:57:33][0:35:40]

[14:57:34][0:35:40]
                      Okay.                       
[14:57:34][0:35:40]
                       Okay                       
[14:57:34][0:35:40]
                   Or do I keep                   
[14:57:34][0:35:40]
             Would i keep opening up              
[14:57:34][0:35:41]
            What do I keep opening up?            
[14:57:35][0:35:41]
            What do I keep opening up?            
[14:57:35][0:35:41]
            What do I keep opening up?            
[14:57:36][0:35:42]
                        L                         
[14:57:36][0:35:42]
                        O.                        
[14:57:36][0:35:43]
                    It will be                    
[14:57:37][0:35:43]
                    O page. O                     
[14:57:37][0:35:43]
                     O page.                      
[14:57:37][0:35:43]
                     O page.                      
[14:57:39][0:35:45]
                       Well                       
[14:57:39][0:35:45]
                      But no                      
[14:57:39][0:35:45]
                    But no we                     
[14:57:39][0:35:45]
                 But there we go                  
[14:57:39][0:35:46]
                 Ah, there we go.                 
[14:57:40][0:35:46]
                 Ah, there we go.                 
[14:57:44][0:35:50]
                        to                        
[14:57:44][0:35:50]
                    It should                     
[14:57:44][0:35:51]
                  Should be five                  
[14:57:45][0:35:51]
                 Should be five.                  
[14:57:45][0:35:51]
                 Should be fine.                  
[14:57:45][0:35:51]
                 Should be fine.                  
[14:57:45][0:35:51]
                 Should be fine.                  
[14:57:46][0:35:52]
                 Should be fine.                  
[14:57:46][0:35:53]
            Should be fine. Number you            
[14:57:47][0:35:53]
           Should be fine. Never used.            
[14:57:47][0:35:53]
           Should be fine. And then we'           
[14:57:47][0:35:53]
        Should be fine. Never use twitter         
[14:57:47][0:35:54]
        Should be fine. Never use Twitter         
[14:57:48][0:35:54]
        Should be fine. Never use Twitter         
[14:57:48][0:35:54]
     Should be fine. Never used Twitter Uh Uh     
[14:57:48][0:35:54]
       Should be fine. Never use Twitter Uh       
[14:57:48][0:35:54]
       Should be fine. Never use Twitter Uh       
[14:57:50][0:35:56]
                       Yes                        
[14:57:50][0:35:57]
                       Gets                       
[14:57:51][0:35:57]
                  Get some never                  
[14:57:51][0:35:57]
                     Guess i'                     
[14:57:51][0:35:57]
                    Guess I'm                     
[14:57:51][0:35:57]
           Get some never gonna use it            
[14:57:51][0:35:58]
           Get some never gonna use it            
[14:57:52][0:35:58]
           Get some never gonna use it            
[14:57:52][0:35:58]
           Get some never gonna use it            
[14:57:53][0:35:59]
           Get some never gonna use it            
[14:57:53][0:35:59]
           Get some never gonna use it            
[14:57:53][0:35:59]
        Get some never gonna use it Booth.        
[14:57:53][0:35:59]
         Get some never gonna use it Boo.         
[14:58:49][0:36:55]

[14:58:49][0:36:56]
                      Rowan.                      
[14:58:50][0:36:56]
                      Rowan.                      
[14:58:50][0:36:56]
                      Rowan.                      
[15:01:13][0:39:19]

[15:01:13][0:39:19]

[15:01:13][0:39:19]
                        O.                        
[15:03:10][0:41:17]
                        A                         
[15:03:11][0:41:17]
                        I'                        
[15:03:11][0:41:17]
                     I'll be                      
[15:03:11][0:41:17]
                  I'll be right                   
