[00:28:41][1 day, 9:26:22]

[00:28:41][1 day, 9:26:22]
                      Yeah.                       
[00:28:41][1 day, 9:26:22]
                       Yep.                       
[00:28:41][1 day, 9:26:23]
                       Yep.                       
[00:29:26][1 day, 9:27:07]

[00:29:26][1 day, 9:27:07]

[00:29:26][1 day, 9:27:07]
                    is at war                     
[00:29:26][1 day, 9:27:08]
                How does that work                
[00:29:26][1 day, 9:27:08]
               How does that work?                
[00:29:27][1 day, 9:27:08]
           How does that work? What the           
[00:29:27][1 day, 9:27:08]
          How does that work? What the f          
[00:31:20][1 day, 9:29:02]
                       Sure                       
[00:31:20][1 day, 9:29:02]
                      Sure.                       
[00:31:20][1 day, 9:29:02]
                      Sure.                       
[00:31:20][1 day, 9:29:02]
                      Sure.                       
[00:31:46][1 day, 9:29:28]

[00:31:47][1 day, 9:29:28]
                       is a                       
[00:31:47][1 day, 9:29:28]
                      Router                      
[00:31:47][1 day, 9:29:29]
                   Eat a router                   
[00:31:47][1 day, 9:29:29]
               Read a router, right               
[00:31:47][1 day, 9:29:29]
               Eat a router, right                
[00:32:22][1 day, 9:30:04]
                        It                        
[00:32:22][1 day, 9:30:04]
                     Is that                      
[00:32:22][1 day, 9:30:04]
                    Is it down                    
[00:32:23][1 day, 9:30:04]
                  Is it that the                  
[00:35:06][1 day, 9:32:47]

[00:35:06][1 day, 9:32:47]

[00:35:06][1 day, 9:32:47]
                       R. D                       
[00:35:06][1 day, 9:32:48]
                      Rani.                       
[00:35:06][1 day, 9:32:48]
                      Nanny.                      
[00:35:06][1 day, 9:32:48]
                      Nanny.                      
[00:35:10][1 day, 9:32:52]
                        D                         
[00:35:10][1 day, 9:32:52]
                       Day.                       
[00:35:11][1 day, 9:32:52]
                      Dang.                       
[00:35:11][1 day, 9:32:52]
                      Damn.                       
[00:35:11][1 day, 9:32:53]
                      Dave.                       
[00:35:18][1 day, 9:32:59]
                        D                         
[00:35:18][1 day, 9:32:59]

[00:35:18][1 day, 9:33:00]

[00:35:18][1 day, 9:33:00]

[00:35:18][1 day, 9:33:00]

[00:35:18][1 day, 9:33:00]

[00:35:18][1 day, 9:33:00]
                      But if                      
[00:35:19][1 day, 9:33:00]

[00:35:19][1 day, 9:33:00]
                Vietnam is the most               
[00:35:19][1 day, 9:33:01]
                  If number like                  
[00:35:19][1 day, 9:33:01]
                  Vietnam be like                 
[00:35:19][1 day, 9:33:01]
                  Vietnam be like                 
[00:36:40][1 day, 9:34:22]
                     Welcome                      
[00:36:40][1 day, 9:34:22]
                    Welcome to                    
[00:36:40][1 day, 9:34:22]
                   We will see                    
[00:36:41][1 day, 9:34:23]
                   A marketing.                   
[00:36:41][1 day, 9:34:23]
                   A commodity.                   
[00:36:45][1 day, 9:34:27]
                        A                         
[00:36:45][1 day, 9:34:27]
                        In                        
[00:36:45][1 day, 9:34:27]

[00:36:46][1 day, 9:34:27]

[00:36:47][1 day, 9:34:28]
                        No                        
[00:36:47][1 day, 9:34:29]
                        No                        
[00:36:47][1 day, 9:34:29]
                     You know                     
[00:36:47][1 day, 9:34:29]

[00:36:48][1 day, 9:34:29]
              You know all this stuff             
[00:36:48][1 day, 9:34:29]
              You know all this stuff             
[00:36:48][1 day, 9:34:30]
              We know all this stuff.             
[00:36:49][1 day, 9:34:30]
             Know all this stuff just             
[00:36:49][1 day, 9:34:30]
         Know all this stuff just fucking         
[00:36:49][1 day, 9:34:31]
         Know all this stuff just fucking         
[00:36:49][1 day, 9:34:31]
         Know all this stuff just fucking         
[00:37:17][1 day, 9:34:59]
                       Why                        
[00:37:17][1 day, 9:34:59]
                      What?                       
[00:37:17][1 day, 9:34:59]
                      What?                       
[00:37:17][1 day, 9:34:59]
                      What?                       
[00:40:38][1 day, 9:38:20]

[00:40:39][1 day, 9:38:20]

[00:40:39][1 day, 9:38:20]
                    Then, then                    
[00:40:39][1 day, 9:38:21]
                      B. M.                       
[00:40:39][1 day, 9:38:21]
                        B.                        
[00:40:40][1 day, 9:38:21]
                        B.                        
[00:40:40][1 day, 9:38:21]
                        B.                        
[00:40:40][1 day, 9:38:22]
                        B.                        
[00:40:40][1 day, 9:38:22]
                        B.                        
[00:40:43][1 day, 9:38:24]

[00:40:43][1 day, 9:38:24]
                        D.                        
[00:40:43][1 day, 9:38:24]
                        D.                        
[00:40:43][1 day, 9:38:24]
                       D. D                       
[00:43:37][1 day, 9:41:18]

[00:43:37][1 day, 9:41:18]
                       So?                        
[00:43:37][1 day, 9:41:19]
                      Sure.                       
[00:43:37][1 day, 9:41:19]
                       Hmm.                       
[00:43:58][1 day, 9:41:40]
                       Don                        
[00:43:59][1 day, 9:41:40]
                      We don                      
[00:43:59][1 day, 9:41:41]
                     We don'                      
[00:43:59][1 day, 9:41:41]
                     We don't                     
[00:45:26][1 day, 9:43:07]

[00:45:26][1 day, 9:43:07]

[00:45:26][1 day, 9:43:08]

[00:45:26][1 day, 9:43:08]
                       $40.                       
[00:45:27][1 day, 9:43:08]
                  Forty dollars.                  
[00:45:27][1 day, 9:43:08]
                  Forty dollars.                  
[00:45:32][1 day, 9:43:14]

[00:45:32][1 day, 9:43:14]

[00:45:33][1 day, 9:43:14]
                      Guide.                      
[00:45:33][1 day, 9:43:14]
                      Guide.                      
[00:46:09][1 day, 9:43:50]
                       can                        
[00:46:09][1 day, 9:43:51]

[00:46:09][1 day, 9:43:51]
                    Can I move                    
[00:46:09][1 day, 9:43:51]
                  Can I move to                   
[00:46:10][1 day, 9:43:51]
               Can I move to single               
[00:46:10][1 day, 9:43:52]
             Can I move to Singapore?             
[00:46:10][1 day, 9:43:52]
          Can I move to Singapore? Bro.           
[00:46:10][1 day, 9:43:52]
          Can I move to Singapore? Bro.           
[00:46:11][1 day, 9:43:52]
          Can I move to Singapore? Bro.           
[00:46:11][1 day, 9:43:52]
             Can I move to Singapore?             
[00:49:45][1 day, 9:47:26]

[00:49:45][1 day, 9:47:26]

[00:49:45][1 day, 9:47:27]
                   The fourth.                    
[00:49:48][1 day, 9:47:30]
                        In                        
[00:49:48][1 day, 9:47:30]
                        1                         
[00:49:48][1 day, 9:47:30]
                        19                        
[00:49:49][1 day, 9:47:30]
                    It didn't                     
[00:49:49][1 day, 9:47:30]
                    Didn't say                    
[00:49:49][1 day, 9:47:31]
              It didn't say anything              
[00:49:50][1 day, 9:47:31]
                   It's insane.                   
[00:49:50][1 day, 9:47:31]
                     In vain.                     
[00:50:17][1 day, 9:47:59]
                        C                         
[00:50:18][1 day, 9:47:59]

[00:50:18][1 day, 9:47:59]
                     Cheese.                      
[00:50:18][1 day, 9:48:00]
                     Cheese.                      
[00:50:24][1 day, 9:48:06]
                        It                        
[00:50:24][1 day, 9:48:06]
                     The flow                     
[00:50:24][1 day, 9:48:06]
                   The far from                   
[00:50:25][1 day, 9:48:06]
                    The fuck?                     
[00:50:25][1 day, 9:48:06]
                  What the fuck?                  
[00:50:25][1 day, 9:48:06]
                  What the fuck?                  
[00:51:02][1 day, 9:48:44]
                        A                         
[00:51:02][1 day, 9:48:44]
                       Um.                        
[00:51:02][1 day, 9:48:44]
                      Oh my.                      
[00:51:02][1 day, 9:48:44]
                      Oh my.                      
[00:51:03][1 day, 9:48:45]
                 Oh my god oh my                  
[00:51:03][1 day, 9:48:45]
                    Oh my god                     
[00:51:03][1 day, 9:48:45]
                    Oh my god!                    
[00:51:03][1 day, 9:48:45]
                    Oh my god!                    
[00:54:25][1 day, 9:52:07]

[00:54:25][1 day, 9:52:07]
                      That'                       
[00:54:25][1 day, 9:52:07]
                      That's                      
[00:54:25][1 day, 9:52:07]
                   That craze.                    
[00:54:26][1 day, 9:52:07]
                   That craze.                    
[00:54:26][1 day, 9:52:07]
                  That's crazy.                   
[00:54:26][1 day, 9:52:08]
                  That's crazy.                   
[00:54:26][1 day, 9:52:08]
                  That's crazy.                   
[00:55:03][1 day, 9:52:44]

[00:55:03][1 day, 9:52:44]
                       Ben,                       
[00:55:03][1 day, 9:52:44]
                Interest. Interest                
[00:55:03][1 day, 9:52:45]
                   Interested.                    
[00:55:03][1 day, 9:52:45]
             Interesting. Interesting             
[00:57:35][1 day, 9:55:17]

[00:57:35][1 day, 9:55:17]

[00:57:35][1 day, 9:55:17]
                     Listen,                      
[00:57:36][1 day, 9:55:17]
                    I'm losing                    
[00:57:36][1 day, 9:55:17]
                  I'm losing my                   
