[23:03:41][0:00:07]

[23:03:43][0:00:10]

[23:03:44][0:00:10]
                        S.                        
[23:03:44][0:00:10]
                     Testing.                     
[23:03:44][0:00:11]
                  Testing. Test                   
[23:03:44][0:00:11]
                     Testing.                     
[23:03:44][0:00:11]
                Testing. Testing.                 
[23:05:35][0:00:08]

[23:05:49][0:00:22]

[23:05:49][0:00:22]
                     I think                      
[23:05:49][0:00:22]
                     I sting                      
[23:05:49][0:00:22]
                    That's the                    
[23:05:50][0:00:22]
                 That's the thing                 
[23:07:49][0:00:02]

[23:07:52][0:00:05]

[23:07:52][0:00:05]
                    Hey there                     
[23:07:53][0:00:06]
                    Hey there.                    
[23:07:53][0:00:06]
                    Hey there.                    
[23:07:56][0:00:09]
                    Hey here.                     
[23:07:56][0:00:09]
              Hey here. I love you.               
[23:07:58][0:00:11]
                        I                         
[23:07:58][0:00:11]
                      I love                      
[23:07:58][0:00:11]
                    I love you                    
[23:07:59][0:00:12]
                    I love you                    
[23:07:59][0:00:12]
                    I love you                    
[23:07:59][0:00:12]
                   I hate you.                    
[23:08:02][0:00:15]
                        A                         
[23:08:02][0:00:15]
                        I.                        
[23:08:03][0:00:16]
                     I will.                      
[23:08:03][0:00:16]
                  I really hate.                  
[23:08:03][0:00:16]
                  I really hate.                  
[23:08:03][0:00:16]
               I really hate you. I               
[23:08:03][0:00:16]
                I really hate you.                
[23:08:04][0:00:17]
                I really hate you.                
[23:08:04][0:00:17]
                I really love you.                
[23:08:07][0:00:20]

[23:08:08][0:00:21]
                       Sofa                       
[23:08:08][0:00:21]
                       Uh-                        
[23:08:08][0:00:21]

[23:08:08][0:00:21]

[23:08:08][0:00:21]

[23:08:08][0:00:21]

[23:08:10][0:00:23]

[23:08:10][0:00:23]
                       Fuck                       
[23:08:10][0:00:23]
                     Fuck you                     
[23:08:10][0:00:23]
                     Fuck you                     
[23:08:10][0:00:23]
                     Fuck you.                    
[23:08:10][0:00:23]
                     Fuck you.                    
[23:08:13][0:00:26]
                       Yeah                       
[23:08:13][0:00:26]
                      Yeah.                       
[23:08:13][0:00:26]

[23:08:13][0:00:26]
                      Yeah.                       
[23:08:14][0:00:27]
                      Yeah.                       
[23:08:14][0:00:27]
                       Yeah                       
[23:08:14][0:00:27]
                       Yeah                       
[23:08:16][0:00:29]

[23:08:16][0:00:29]
                      Right?                      
[23:08:17][0:00:30]
                      Right                       
[23:08:17][0:00:30]
                   Right beard                    
[23:08:17][0:00:30]
                  Strike, bitch                   
[23:08:17][0:00:30]
                   Strike pitch                   
[23:08:17][0:00:30]
                    miss pitch                    
[23:08:20][0:00:33]

[23:08:20][0:00:33]
                       Chee                       
[23:08:21][0:00:33]
                    And sheed                     
[23:08:21][0:00:34]
                      Shed.                       
[23:08:21][0:00:34]
                   persistent.                    
[23:08:22][0:00:35]
                        Oh                        
[23:08:23][0:00:35]
                        O.                        
[23:08:23][0:00:36]
                     Oh shit                      
[23:08:23][0:00:36]
                     Oh shit.                     
[23:08:23][0:00:36]
                     Oh shit.                     
[23:08:23][0:00:36]
                     Oh shit                      
[23:08:23][0:00:36]
                     Oh shit                      
[23:08:25][0:00:38]
                       You                        
[23:08:25][0:00:38]
                       You,                       
[23:08:26][0:00:39]
                     You suck                     
[23:08:26][0:00:39]
                    You suck.                     
[23:08:26][0:00:39]
                    You suck.                     
[23:08:26][0:00:39]
                    You suck.                     
[23:08:26][0:00:39]
                 You bottlefeed.                  
[23:08:34][0:00:47]

[23:08:34][0:00:47]
                      Was it                      
[23:08:34][0:00:47]
                    What is it                    
[23:08:34][0:00:47]
                   What was it?                   
[23:08:35][0:00:48]
               Was it bottle feed?                
[23:08:35][0:00:48]
              It was a bottle feed.               
[23:08:35][0:00:48]
           What was that? Bottle feed.            
[23:08:35][0:00:48]
         What differ that? Bottle starve.         
[23:08:37][0:00:50]
                        E                         
[23:08:37][0:00:50]
                     You said                     
[23:08:38][0:00:51]
                     You suck                     
[23:08:38][0:00:51]
                    You suck.                     
[23:08:38][0:00:51]
                    You suck.                     
[23:08:38][0:00:51]
                    You suck.                     
[23:08:38][0:00:51]
                 You bottlefeed.                  
[23:08:40][0:00:52]
                        So                        
[23:08:40][0:00:53]

[23:08:40][0:00:53]
                       No.                        
[23:08:40][0:00:53]
                       yes.                       
[23:08:40][0:00:53]
                    yes. This                     
[23:08:40][0:00:53]
                  yes. The song                   
[23:08:41][0:00:54]
                yes. The story is                 
[23:08:41][0:00:54]
                  yes. It's not                   
[23:08:41][0:00:54]
              yes. That's not really              
[23:08:41][0:00:54]
         yes. This is a really good idea          
[23:08:41][0:00:54]
          yes. That's an all really good          
[23:08:42][0:00:55]
     yes. This is a really good idea, I guess     
[23:08:42][0:00:55]
    yes. This is a really good idea, I guess.     
[23:08:42][0:00:55]
    yes. This is a really good idea, I guess.     
[23:08:42][0:00:55]
  yes. This is all really a good idea, I guess.   
[23:08:43][0:00:56]
yes. This differ some really a evil idea, I guess.
[23:08:43][0:00:56]
yes. This differ some really a evil idea, I guess.
                        Oh                        
[23:08:44][0:00:57]
yes. This differ some really a evil idea, I guess.
[23:08:44][0:00:57]
  This differ some really a evil idea, I guess.   
                 Under the under                  
[23:08:44][0:00:57]
yes. This differ some really a evil idea, I guess.
                       Of.                        
[23:08:44][0:00:57]
yes. This differ some really a evil idea, I guess.
                       Um.                        
[23:08:44][0:00:57]
yes. This differ some really a evil idea, I guess.
                       Um.                        
[23:09:00][0:01:13]
                      really                      
[23:09:01][0:01:13]

[23:09:01][0:01:14]
                  Really simple                   
[23:09:01][0:01:14]
                  Really simple.                  
[23:09:01][0:01:14]
                  Really simple.                  
[23:09:01][0:01:14]
                 Really complex.                  
[23:09:03][0:01:16]
                        We                        
[23:09:03][0:01:16]
                      Really                      
[23:09:03][0:01:16]
                   Really come                    
[23:09:03][0:01:16]
               Really comfortable.                
[23:09:03][0:01:16]
                 Really complex.                  
[23:09:04][0:01:17]
                 Really complex.                  
[23:09:04][0:01:17]
                 Really complex.                  
[23:09:04][0:01:17]
                  Really simple?                  
